<?xml version="1.0" encoding="UTF-8"?>
<!-- Generated by org.testng.reporters.JUnitXMLReporter -->
<testsuite ignored="0" hostname="DESKTOP-NJ97IE9" failures="0" tests="12" name="Default test" time="16.614" errors="0" timestamp="2023-08-22T16:47:33 IST">
  <testcase classname="api.testcases.UserTestDD" name="testCreateUser" time="2.476"/>
  <testcase classname="api.testcases.UserTestDD" name="testCreateUser" time="1.127"/>
  <testcase classname="api.testcases.UserTestDD" name="testCreateUser" time="1.145"/>
  <testcase classname="api.testcases.UserTestDD" name="testCreateUser" time="1.191"/>
  <testcase classname="api.testcases.UserTestDD" name="testGetUserData" time="1.175"/>
  <testcase classname="api.testcases.UserTestDD" name="testGetUserData" time="1.156"/>
  <testcase classname="api.testcases.UserTestDD" name="testGetUserData" time="1.196"/>
  <testcase classname="api.testcases.UserTestDD" name="testGetUserData" time="1.193"/>
  <testcase classname="api.testcases.UserTestDD" name="testDeleteUser" time="1.184"/>
  <testcase classname="api.testcases.UserTestDD" name="testDeleteUser" time="1.147"/>
  <testcase classname="api.testcases.UserTestDD" name="testDeleteUser" time="1.179"/>
  <testcase classname="api.testcases.UserTestDD" name="testDeleteUser" time="1.197"/>
</testsuite> <!-- Default test -->
