<?xml version="1.0" encoding="UTF-8"?>
<!-- Generated by org.testng.reporters.JUnitXMLReporter -->
<testsuite ignored="0" hostname="DESKTOP-NJ97IE9" failures="0" tests="4" name="Default test" time="7.476" errors="0" timestamp="2023-08-19T12:48:32 IST">
  <testcase classname="api.testcases.UserTest" name="testCreateUser" time="2.611"/>
  <testcase classname="api.testcases.UserTest" name="testGetUserData" time="1.149"/>
  <testcase classname="api.testcases.UserTest" name="testUpdateUser" time="2.321"/>
  <testcase classname="api.testcases.UserTest" name="testDeleteUser" time="1.163"/>
</testsuite> <!-- Default test -->
