<?xml version="1.0" encoding="UTF-8"?>
<!-- Generated by org.testng.reporters.JUnitXMLReporter -->
<testsuite ignored="0" hostname="DESKTOP-NJ97IE9" failures="0" tests="4" name="Test" time="7.935" errors="0" timestamp="2023-08-28T13:12:00 IST">
  <testcase classname="api.testcases.UserTest" name="testCreateUser" time="2.569"/>
  <testcase classname="api.testcases.UserTest" name="testGetUserData" time="1.13"/>
  <testcase classname="api.testcases.UserTest" name="testUpdateUser" time="2.303"/>
  <testcase classname="api.testcases.UserTest" name="testDeleteUser" time="1.152"/>
</testsuite> <!-- Test -->
