<?xml version="1.0" encoding="UTF-8"?>
<testng-results ignored="0" total="4" passed="4" failed="0" skipped="0">
  <reporter-output>
  </reporter-output>
  <suite started-at="2023-08-29T18:02:32 IST" name="Suite" finished-at="2023-08-29T18:02:40 IST" duration-ms="8115">
    <groups>
    </groups>
    <test started-at="2023-08-29T18:02:32 IST" name="Test" finished-at="2023-08-29T18:02:40 IST" duration-ms="8115">
      <class name="api.testcases.UserTest">
        <test-method is-config="true" signature="generateTestData()[pri:0, instance:api.testcases.UserTest@5e82df6a]" started-at="2023-08-29T18:02:32 IST" name="generateTestData" finished-at="2023-08-29T18:02:33 IST" duration-ms="574" status="PASS">
          <reporter-output>
          </reporter-output>
        </test-method> <!-- generateTestData -->
        <test-method signature="testCreateUser()[pri:1, instance:api.testcases.UserTest@5e82df6a]" started-at="2023-08-29T18:02:33 IST" name="testCreateUser" finished-at="2023-08-29T18:02:36 IST" duration-ms="2667" status="PASS">
          <reporter-output>
          </reporter-output>
        </test-method> <!-- testCreateUser -->
        <test-method signature="testGetUserData()[pri:2, instance:api.testcases.UserTest@5e82df6a]" started-at="2023-08-29T18:02:36 IST" name="testGetUserData" finished-at="2023-08-29T18:02:37 IST" duration-ms="1215" status="PASS">
          <reporter-output>
          </reporter-output>
        </test-method> <!-- testGetUserData -->
        <test-method signature="testUpdateUser()[pri:3, instance:api.testcases.UserTest@5e82df6a]" started-at="2023-08-29T18:02:37 IST" name="testUpdateUser" finished-at="2023-08-29T18:02:39 IST" duration-ms="2272" status="PASS">
          <reporter-output>
          </reporter-output>
        </test-method> <!-- testUpdateUser -->
        <test-method signature="testDeleteUser()[pri:4, instance:api.testcases.UserTest@5e82df6a]" started-at="2023-08-29T18:02:39 IST" name="testDeleteUser" finished-at="2023-08-29T18:02:40 IST" duration-ms="1155" status="PASS">
          <reporter-output>
          </reporter-output>
        </test-method> <!-- testDeleteUser -->
      </class> <!-- api.testcases.UserTest -->
    </test> <!-- Test -->
  </suite> <!-- Suite -->
</testng-results>
